<?xml version="1.0" ?>
<!DOCTYPE coverage SYSTEM "http://cobertura.sourceforge.net/xml/coverage-04.dtd">
<coverage lines-valid="8" lines-covered="7" line-rate="0.875" branches-valid="2" branches-covered="1" branch-rate="0.5" timestamp="1514593481526" complexity="0" version="0.1">
  <sources>
    <source>/Users/aconrad/lever/coverage-test</source>
  </sources>
  <packages>
    <class name="app.coffee" filename="app.coffee" line-rate="0.875" branch-rate="0.5">
      <methods>
        <method name="(anonymous_1)" hits="1" signature="()V">
          <lines>
            <line number="6" hits="1"/>
          </lines>
        </method>
      </methods>
      <lines>
        <line number="1" hits="1" branch="false"/>
        <line number="2" hits="1" branch="false"/>
        <line number="4" hits="1" branch="false"/>
        <line number="6" hits="1" branch="false"/>
        <line number="7" hits="1" branch="true" condition-coverage="50% (1/2)"/>
        <line number="8" hits="1" branch="false"/>
        <line number="10" hits="0" branch="false"/>
        <line number="11" hits="1" branch="false"/>
      </lines>
    </class>
  </packages>
</coverage>
