<?xml version="1.0" ?>
<coverage version="6.3.2" timestamp="1684652200649" lines-valid="4" lines-covered="3" line-rate="0.75" branches-valid="2" branches-covered="1" branch-rate="0.5" complexity="0">
	<!-- Generated by coverage.py: https://coverage.readthedocs.io -->
	<!-- Based on https://raw.githubusercontent.com/cobertura/web/master/htdocs/xml/coverage-04.dtd -->
	<sources>
		<source>/Users/alexandre/Development/pycobertura/tests/dummy.with-branch-condition/dummy</source>
	</sources>
	<packages>
		<package name="." line-rate="0.75" branch-rate="0.5" complexity="0">
			<classes>
				<class name="__init__.py" filename="__init__.py" complexity="0" line-rate="1" branch-rate="1">
					<methods/>
					<lines/>
				</class>
				<class name="dummy.py" filename="dummy.py" complexity="0" line-rate="0.75" branch-rate="0.5">
					<methods/>
					<lines>
						<line number="1" hits="1"/>
						<line number="2" hits="1" branch="true" condition-coverage="50% (1/2)" missing-branches="5"/>
						<line number="3" hits="1"/>
						<line number="5" hits="0"/>
					</lines>
				</class>
			</classes>
		</package>
	</packages>
</coverage>
